Using pre-set license
Built from '2020.3/staging' branch; Version is '2020.3.0f1 (c7b5465681fb) revision 13088070'; Using compiler version '192528614'; Build Type 'Release'
OS: 'Windows 10 Education; OS build 19042.928; Version 2009; 64bit' Language: 'en' Physical Memory: 8019 MB
BatchMode: 1, IsHumanControllingUs: 0, StartBugReporterOnCrash: 0, Is64bit: 1, IsPro: 0

 COMMAND LINE ARGUMENTS:
D:\Programe\Unity Editors Folder\2020.3.0f1\Editor\Unity.exe
-adb2
-batchMode
-noUpm
-name
AssetImportWorker0
-projectPath
D:/Programe_diferite_platforme/Programe Unity/3DChess
-logFile
Logs/AssetImportWorker0.log
-srvPort
50016
Successfully changed project path to: D:/Programe_diferite_platforme/Programe Unity/3DChess
D:/Programe_diferite_platforme/Programe Unity/3DChess
Using Asset Import Pipeline V2.
Refreshing native plugins compatible for Editor in 30.88 ms, found 2 plugins.
Preloading 0 native plugins for Editor in 0.00 ms.
Initialize engine version: 2020.3.0f1 (c7b5465681fb)
[Subsystems] Discovering subsystems at path D:/Programe/Unity Editors Folder/2020.3.0f1/Editor/Data/Resources/UnitySubsystems
[Subsystems] Discovering subsystems at path D:/Programe_diferite_platforme/Programe Unity/3DChess/Assets
GfxDevice: creating device client; threaded=0
Direct3D:
    Version:  Direct3D 11.0 [level 11.0]
    Renderer: NVIDIA GeForce GTX 960M (ID=0x139b)
    Vendor:   
    VRAM:     4055 MB
    Driver:   27.21.14.6627
Initialize mono
Mono path[0] = 'D:/Programe/Unity Editors Folder/2020.3.0f1/Editor/Data/Managed'
Mono path[1] = 'D:/Programe/Unity Editors Folder/2020.3.0f1/Editor/Data/MonoBleedingEdge/lib/mono/unityjit'
Mono config path = 'D:/Programe/Unity Editors Folder/2020.3.0f1/Editor/Data/MonoBleedingEdge/etc'
Using monoOptions --debugger-agent=transport=dt_socket,embedding=1,server=y,suspend=n,address=127.0.0.1:56072
Begin MonoManager ReloadAssembly
Registering precompiled unity dll's ...
Register platform support module: D:/Programe/Unity Editors Folder/2020.3.0f1/Editor/Data/PlaybackEngines/WindowsStandaloneSupport/UnityEditor.WindowsStandalone.Extensions.dll
Registered in 0.001299 seconds.
Native extension for WindowsStandalone target not found
Refreshing native plugins compatible for Editor in 28.37 ms, found 2 plugins.
Preloading 0 native plugins for Editor in 0.00 ms.
Invoked RoslynAnalysisRunner static constructor.
RoslynAnalysisRunner will not be running.
RoslynAnalysisRunner has terminated.
Mono: successfully reloaded assembly
- Completed reload, in  1.222 seconds
Platform modules already initialized, skipping
Registering precompiled user dll's ...
Registered in 0.005365 seconds.
Begin MonoManager ReloadAssembly
Native extension for WindowsStandalone target not found
Refreshing native plugins compatible for Editor in 0.79 ms, found 2 plugins.
Preloading 0 native plugins for Editor in 0.00 ms.
Invoked RoslynAnalysisRunner static constructor.
RoslynAnalysisRunner will not be running.
RoslynAnalysisRunner has terminated.
Mono: successfully reloaded assembly
- Completed reload, in  0.970 seconds
Platform modules already initialized, skipping
========================================================================
Worker process is ready to serve import requests
Launched and connected shader compiler UnityShaderCompiler.exe after 0.09 seconds
Refreshing native plugins compatible for Editor in 0.33 ms, found 2 plugins.
Preloading 0 native plugins for Editor in 0.00 ms.
Unloading 1132 Unused Serialized files (Serialized files now loaded: 0)
System memory in use before: 57.5 MB.
System memory in use after: 57.5 MB.

Unloading 27 unused Assets to reduce memory usage. Loaded Objects now: 1599.
Total: 3.644100 ms (FindLiveObjects: 0.443500 ms CreateObjectMapping: 0.122000 ms MarkObjects: 2.914100 ms  DeleteObjects: 0.163500 ms)

========================================================================
Received Import Request.
  path: Assets/Plugins/GitHub
  artifactKey: Guid(50183c1e666113e43903caf3d5f1e882) Importer(815301076,1909f56bfc062723c751e8b465ee728b)
Start importing Assets/Plugins/GitHub using Guid(50183c1e666113e43903caf3d5f1e882) Importer(815301076,1909f56bfc062723c751e8b465ee728b)  -> (artifact id: '7fa9d0001793d14d153d860f4f0cfc1d') in 0.009297 seconds
  Import took 0.031882 seconds .

========================================================================
Received Import Request.
  Time since last request: 0.000296 seconds.
  path: Assets/Plugins
  artifactKey: Guid(3483ff6a006ab4b499a881a93ed080a7) Importer(815301076,1909f56bfc062723c751e8b465ee728b)
Start importing Assets/Plugins using Guid(3483ff6a006ab4b499a881a93ed080a7) Importer(815301076,1909f56bfc062723c751e8b465ee728b)  -> (artifact id: '0f64fd3183ad68252ca92d426e87d876') in 0.008422 seconds
  Import took 0.010876 seconds .

AssetImportWorkerClient::OnTransportError - code=2 error=End of file
